\BOOKMARK [0][-]{chapter.1}{\376\377\000P\000r\000\351\000s\000e\000n\000t\000a\000t\000i\000o\000n\000\040\000p\000e\000r\000s\000o\000n\000n\000e\000l\000l\000e\000\040\000e\000t\000\040\000d\000u\000\040\000p\000r\000o\000j\000e\000t}{}% 1
\BOOKMARK [1][-]{section.1.1}{\376\377\000R\000\364\000l\000e\000\040\000d\000u\000\040\000c\000a\000n\000d\000i\000d\000a\000t\000\040\000e\000t\000\040\000c\000o\000n\000t\000e\000x\000t\000e}{chapter.1}% 2
\BOOKMARK [1][-]{section.1.2}{\376\377\000P\000r\000o\000b\000l\000\351\000m\000a\000t\000i\000q\000u\000e\000\040\000e\000t\000\040\000o\000b\000j\000e\000c\000t\000i\000f\000s\000\040\000S\000M\000A\000R\000T}{chapter.1}% 3
\BOOKMARK [1][-]{section.1.3}{\376\377\000L\000i\000e\000n\000s\000\040\000u\000t\000i\000l\000e\000s}{chapter.1}% 4
\BOOKMARK [0][-]{chapter.2}{\376\377\000C\000a\000d\000r\000a\000g\000e\000\040\000e\000t\000\040\000c\000a\000h\000i\000e\000r\000\040\000d\000e\000s\000\040\000c\000h\000a\000r\000g\000e\000s}{}% 5
\BOOKMARK [1][-]{section.2.1}{\376\377\000O\000b\000j\000e\000c\000t\000i\000f\000s\000\040\000m\000\351\000t\000i\000e\000r\000,\000\040\000t\000e\000c\000h\000n\000i\000q\000u\000e\000s\000\040\000e\000t\000\040\000p\000\351\000d\000a\000g\000o\000g\000i\000q\000u\000e\000s}{chapter.2}% 6
\BOOKMARK [1][-]{section.2.2}{\376\377\000C\000i\000b\000l\000e\000s\000\040\000e\000t\000\040\000p\000a\000r\000t\000i\000e\000s\000\040\000p\000r\000e\000n\000a\000n\000t\000e\000s}{chapter.2}% 7
\BOOKMARK [1][-]{section.2.3}{\376\377\000E\000x\000i\000g\000e\000n\000c\000e\000s\000\040\000f\000o\000n\000c\000t\000i\000o\000n\000n\000e\000l\000l\000e\000s}{chapter.2}% 8
\BOOKMARK [2][-]{subsection.2.3.1}{\376\377\000F\000o\000n\000c\000t\000i\000o\000n\000n\000a\000l\000i\000t\000\351\000s\000\040\000\253\000\040\000F\000r\000o\000n\000t\000\040\000O\000f\000f\000i\000c\000e\000\040\000\273}{section.2.3}% 9
\BOOKMARK [2][-]{subsection.2.3.2}{\376\377\000F\000o\000n\000c\000t\000i\000o\000n\000n\000a\000l\000i\000t\000\351\000s\000\040\000\253\000\040\000B\000a\000c\000k\000\040\000O\000f\000f\000i\000c\000e\000\040\000\273}{section.2.3}% 10
\BOOKMARK [2][-]{subsection.2.3.3}{\376\377\000L\000'\000u\000t\000i\000l\000i\000s\000a\000t\000e\000u\000r\000\040\000\050\000p\000u\000b\000l\000i\000c\000\051}{section.2.3}% 11
\BOOKMARK [2][-]{subsection.2.3.4}{\376\377\000C\000o\000n\000f\000i\000d\000e\000n\000t\000i\000a\000l\000i\000t\000\351}{section.2.3}% 12
\BOOKMARK [2][-]{subsection.2.3.5}{\376\377\000D\000r\000o\000i\000t\000s\000\040\000d\000'\000a\000c\000c\000\350\000s}{section.2.3}% 13
\BOOKMARK [2][-]{subsection.2.3.6}{\376\377\000A\000u\000t\000h\000e\000n\000t\000i\000f\000i\000c\000a\000t\000i\000o\000n}{section.2.3}% 14
\BOOKMARK [1][-]{section.2.4}{\376\377\000E\000x\000i\000g\000e\000n\000c\000e\000s\000\040\000e\000t\000\040\000c\000h\000o\000i\000x\000\040\000t\000e\000c\000h\000n\000i\000q\000u\000e\000s}{chapter.2}% 15
\BOOKMARK [2][-]{subsection.2.4.1}{\376\377\000E\000x\000i\000g\000e\000n\000c\000e\000s}{section.2.4}% 16
\BOOKMARK [2][-]{subsection.2.4.2}{\376\377\000C\000h\000o\000i\000x}{section.2.4}% 17
\BOOKMARK [1][-]{section.2.5}{\376\377\000D\000\351\000f\000i\000n\000i\000t\000i\000o\000n\000\040\000d\000u\000\040\000M\000V\000P}{chapter.2}% 18
\BOOKMARK [1][-]{section.2.6}{\376\377\000R\000o\000a\000d\000m\000a\000p}{chapter.2}% 19
\BOOKMARK [1][-]{section.2.7}{\376\377\000L\000i\000e\000n\000s\000\040\000u\000t\000i\000l\000e\000s}{chapter.2}% 20
\BOOKMARK [0][-]{chapter.3}{\376\377\000M\000\351\000t\000h\000o\000d\000o\000l\000o\000g\000i\000e\000\040\000e\000t\000\040\000o\000r\000g\000a\000n\000i\000s\000a\000t\000i\000o\000n}{}% 21
\BOOKMARK [1][-]{section.3.1}{\376\377\000G\000e\000s\000t\000i\000o\000n\000\040\000d\000e\000\040\000p\000r\000o\000j\000e\000t\000\040\000a\000v\000e\000c\000\040\000G\000i\000t\000H\000u\000b}{chapter.3}% 22
\BOOKMARK [2][-]{subsection.3.1.1}{\376\377\000U\000s\000e\000r\000\040\000S\000t\000o\000r\000i\000e\000s\000\040\000e\000t\000\040\000e\000s\000t\000i\000m\000a\000t\000i\000o\000n\000\040\000d\000e\000\040\000t\000e\000m\000p\000s}{section.3.1}% 23
\BOOKMARK [1][-]{section.3.2}{\376\377\000V\000e\000r\000s\000i\000o\000n\000i\000n\000g\000\040\000G\000i\000t\000H\000u\000b\000\040\000e\000t\000\040\000c\000o\000n\000v\000e\000n\000t\000i\000o\000n\000s}{chapter.3}% 24
\BOOKMARK [1][-]{section.3.3}{\376\377\000P\000l\000a\000n\000i\000f\000i\000c\000a\000t\000i\000o\000n\000\040\000e\000t\000\040\000o\000u\000t\000i\000l\000s\000\040\000d\000e\000\040\000s\000u\000i\000v\000i}{chapter.3}% 25
\BOOKMARK [1][-]{section.3.4}{\376\377\000E\000s\000t\000i\000m\000a\000t\000i\000o\000n\000\040\000d\000e\000\040\000t\000e\000m\000p\000s\000\040\000e\000t\000\040\000p\000l\000a\000n\000i\000f\000i\000c\000a\000t\000i\000o\000n}{chapter.3}% 26
\BOOKMARK [1][-]{section.3.5}{\376\377\000L\000i\000e\000n\000s\000\040\000u\000t\000i\000l\000e\000s}{chapter.3}% 27
\BOOKMARK [0][-]{chapter.4}{\376\377\000C\000o\000n\000c\000e\000p\000t\000i\000o\000n\000\040\000f\000o\000n\000c\000t\000i\000o\000n\000n\000e\000l\000l\000e\000\040\000e\000t\000\040\000t\000e\000c\000h\000n\000i\000q\000u\000e}{}% 28
\BOOKMARK [1][-]{section.4.1}{\376\377\000U\000s\000e\000\040\000C\000a\000s\000e\000s\000\040\000e\000t\000\040\000d\000i\000a\000g\000r\000a\000m\000m\000e\000s\000\040\000U\000M\000L}{chapter.4}% 29
\BOOKMARK [1][-]{section.4.2}{\376\377\000D\000i\000a\000g\000r\000a\000m\000m\000e\000s\000\040\000d\000e\000\040\000s\000\351\000q\000u\000e\000n\000c\000e}{chapter.4}% 30
\BOOKMARK [1][-]{section.4.3}{\376\377\000C\000o\000n\000c\000e\000p\000t\000i\000o\000n\000\040\000d\000e\000\040\000l\000'\000i\000n\000t\000e\000r\000f\000a\000c\000e\000\040\000g\000r\000a\000p\000h\000i\000q\000u\000e}{chapter.4}% 31
\BOOKMARK [2][-]{subsection.4.3.1}{\376\377\000Z\000o\000n\000i\000n\000g}{section.4.3}% 32
\BOOKMARK [2][-]{subsection.4.3.2}{\376\377\000W\000i\000r\000e\000f\000r\000a\000m\000e}{section.4.3}% 33
\BOOKMARK [2][-]{subsection.4.3.3}{\376\377\000M\000a\000q\000u\000e\000t\000t\000a\000g\000e}{section.4.3}% 34
\BOOKMARK [2][-]{subsection.4.3.4}{\376\377\000O\000u\000t\000i\000l\000s\000\040\000d\000e\000\040\000c\000o\000n\000c\000e\000p\000t\000i\000o\000n\000\040\000e\000t\000\040\000d\000i\000a\000g\000r\000a\000m\000m\000e\000s}{section.4.3}% 35
\BOOKMARK [2][-]{subsection.4.3.5}{\376\377\000C\000h\000a\000r\000t\000e\000\040\000g\000r\000a\000p\000h\000i\000q\000u\000e}{section.4.3}% 36
\BOOKMARK [1][-]{section.4.4}{\376\377\000C\000o\000n\000c\000e\000p\000t\000i\000o\000n\000\040\000d\000e\000\040\000b\000a\000s\000e\000\040\000d\000e\000\040\000d\000o\000n\000n\000\351\000e\000s}{chapter.4}% 37
\BOOKMARK [2][-]{subsection.4.4.1}{\376\377\000M\000C\000D\000\040\000\050\000M\000o\000d\000\350\000l\000e\000\040\000C\000o\000n\000c\000e\000p\000t\000u\000e\000l\000\040\000d\000e\000\040\000D\000o\000n\000n\000\351\000e\000s\000\051}{section.4.4}% 38
\BOOKMARK [2][-]{subsection.4.4.2}{\376\377\000M\000L\000D\000\040\000\050\000M\000o\000d\000\350\000l\000e\000\040\000L\000o\000g\000i\000q\000u\000e\000\040\000d\000e\000\040\000D\000o\000n\000n\000\351\000e\000s\000\051}{section.4.4}% 39
\BOOKMARK [2][-]{subsection.4.4.3}{\376\377\000M\000P\000D\000\040\000\050\000M\000o\000d\000\350\000l\000e\000\040\000P\000h\000y\000s\000i\000q\000u\000e\000\040\000d\000e\000\040\000D\000o\000n\000n\000\351\000e\000s\000\051}{section.4.4}% 40
\BOOKMARK [1][-]{section.4.5}{\376\377\000A\000r\000c\000h\000i\000t\000e\000c\000t\000u\000r\000e\000\040\0003\000\040\000t\000i\000e\000r\000s}{chapter.4}% 41
\BOOKMARK [1][-]{section.4.6}{\376\377\000L\000i\000e\000n\000s\000\040\000u\000t\000i\000l\000e\000s}{chapter.4}% 42
\BOOKMARK [0][-]{chapter.5}{\376\377\000A\000r\000c\000h\000i\000t\000e\000c\000t\000u\000r\000e\000\040\0003\000\040\000t\000i\000e\000r\000s}{}% 43
\BOOKMARK [1][-]{section.5.1}{\376\377\000A\000r\000c\000h\000i\000t\000e\000c\000t\000u\000r\000e\000\040\0003\000\040\000t\000i\000e\000r\000s}{chapter.5}% 44
\BOOKMARK [2][-]{subsection.5.1.1}{\376\377\000C\000o\000u\000c\000h\000e\000\040\000P\000r\000\351\000s\000e\000n\000t\000a\000t\000i\000o\000n\000\040\000\050\000F\000r\000o\000n\000t\000e\000n\000d\000\051}{section.5.1}% 45
\BOOKMARK [2][-]{subsection.5.1.2}{\376\377\000C\000o\000u\000c\000h\000e\000\040\000L\000o\000g\000i\000q\000u\000e\000\040\000M\000\351\000t\000i\000e\000r\000\040\000\050\000B\000a\000c\000k\000e\000n\000d\000\051}{section.5.1}% 46
\BOOKMARK [2][-]{subsection.5.1.3}{\376\377\000C\000o\000u\000c\000h\000e\000\040\000D\000o\000n\000n\000\351\000e\000s\000\040\000\050\000D\000a\000t\000a\000b\000a\000s\000e\000\051}{section.5.1}% 47
\BOOKMARK [2][-]{subsection.5.1.4}{\376\377\000C\000o\000m\000m\000u\000n\000i\000c\000a\000t\000i\000o\000n\000\040\000e\000n\000t\000r\000e\000\040\000l\000e\000s\000\040\000t\000i\000e\000r\000s}{section.5.1}% 48
\BOOKMARK [2][-]{subsection.5.1.5}{\376\377\000A\000v\000a\000n\000t\000a\000g\000e\000s\000\040\000d\000e\000\040\000l\000'\000a\000r\000c\000h\000i\000t\000e\000c\000t\000u\000r\000e\000\040\0003\000\040\000t\000i\000e\000r\000s}{section.5.1}% 49
\BOOKMARK [1][-]{section.5.2}{\376\377\000D\000\351\000v\000e\000l\000o\000p\000p\000e\000m\000e\000n\000t\000\040\000F\000r\000o\000n\000t\000e\000n\000d}{chapter.5}% 50
\BOOKMARK [1][-]{section.5.3}{\376\377\000D\000\351\000v\000e\000l\000o\000p\000p\000e\000m\000e\000n\000t\000\040\000B\000a\000c\000k\000e\000n\000d}{chapter.5}% 51
\BOOKMARK [1][-]{section.5.4}{\376\377\000G\000e\000s\000t\000i\000o\000n\000\040\000d\000e\000s\000\040\000d\000o\000n\000n\000\351\000e\000s}{chapter.5}% 52
\BOOKMARK [1][-]{section.5.5}{\376\377\000L\000i\000e\000n\000s\000\040\000u\000t\000i\000l\000e\000s}{chapter.5}% 53
\BOOKMARK [0][-]{chapter.6}{\376\377\000S\000\351\000c\000u\000r\000i\000t\000\351\000\040\000a\000p\000p\000l\000i\000c\000a\000t\000i\000v\000e\000\040\000e\000t\000\040\000R\000G\000P\000D}{}% 54
\BOOKMARK [1][-]{section.6.1}{\376\377\000P\000r\000o\000t\000e\000c\000t\000i\000o\000n\000\040\000c\000o\000n\000t\000r\000e\000\040\000l\000e\000s\000\040\000v\000u\000l\000n\000\351\000r\000a\000b\000i\000l\000i\000t\000\351\000s\000\040\000O\000W\000A\000S\000P}{chapter.6}% 55
\BOOKMARK [1][-]{section.6.2}{\376\377\000A\000u\000t\000h\000e\000n\000t\000i\000f\000i\000c\000a\000t\000i\000o\000n\000\040\000e\000t\000\040\000a\000u\000t\000o\000r\000i\000s\000a\000t\000i\000o\000n}{chapter.6}% 56
\BOOKMARK [1][-]{section.6.3}{\376\377\000C\000o\000n\000f\000o\000r\000m\000i\000t\000\351\000\040\000R\000G\000P\000D}{chapter.6}% 57
\BOOKMARK [1][-]{section.6.4}{\376\377\000L\000i\000e\000n\000s\000\040\000u\000t\000i\000l\000e\000s}{chapter.6}% 58
\BOOKMARK [0][-]{chapter.7}{\376\377\000T\000e\000s\000t\000s\000\040\000e\000t\000\040\000q\000u\000a\000l\000i\000t\000\351\000\040\000l\000o\000g\000i\000c\000i\000e\000l\000l\000e}{}% 59
\BOOKMARK [1][-]{section.7.1}{\376\377\000S\000t\000r\000a\000t\000\351\000g\000i\000e\000\040\000d\000e\000\040\000t\000e\000s\000t\000s}{chapter.7}% 60
\BOOKMARK [1][-]{section.7.2}{\376\377\000T\000e\000s\000t\000s\000\040\000d\000e\000\040\000p\000e\000r\000f\000o\000r\000m\000a\000n\000c\000e}{chapter.7}% 61
\BOOKMARK [1][-]{section.7.3}{\376\377\000Q\000u\000a\000l\000i\000t\000\351\000\040\000d\000u\000\040\000c\000o\000d\000e\000\040\000a\000v\000e\000c\000\040\000S\000o\000n\000a\000r\000Q\000u\000b\000e}{chapter.7}% 62
\BOOKMARK [1][-]{section.7.4}{\376\377\000L\000i\000e\000n\000s\000\040\000u\000t\000i\000l\000e\000s}{chapter.7}% 63
\BOOKMARK [0][-]{chapter.8}{\376\377\000D\000\351\000p\000l\000o\000i\000e\000m\000e\000n\000t\000\040\000e\000t\000\040\000C\000I\000/\000C\000D}{}% 64
\BOOKMARK [1][-]{section.8.1}{\376\377\000C\000o\000n\000t\000a\000i\000n\000e\000r\000i\000s\000a\000t\000i\000o\000n\000\040\000a\000v\000e\000c\000\040\000D\000o\000c\000k\000e\000r}{chapter.8}% 65
\BOOKMARK [1][-]{section.8.2}{\376\377\000P\000i\000p\000e\000l\000i\000n\000e\000\040\000C\000I\000/\000C\000D\000\040\000a\000v\000e\000c\000\040\000G\000i\000t\000H\000u\000b\000\040\000A\000c\000t\000i\000o\000n\000s}{chapter.8}% 66
\BOOKMARK [1][-]{section.8.3}{\376\377\000D\000o\000c\000u\000m\000e\000n\000t\000a\000t\000i\000o\000n\000\040\000e\000t\000\040\000m\000o\000n\000i\000t\000o\000r\000i\000n\000g}{chapter.8}% 67
\BOOKMARK [1][-]{section.8.4}{\376\377\000L\000i\000e\000n\000s\000\040\000u\000t\000i\000l\000e\000s}{chapter.8}% 68
\BOOKMARK [0][-]{chapter.9}{\376\377\000V\000e\000i\000l\000l\000e\000\040\000t\000e\000c\000h\000n\000o\000l\000o\000g\000i\000q\000u\000e\000\040\000e\000t\000\040\000s\000\351\000c\000u\000r\000i\000t\000\351}{}% 69
\BOOKMARK [1][-]{section.9.1}{\376\377\000V\000e\000i\000l\000l\000e\000\040\000t\000e\000c\000h\000n\000o\000l\000o\000g\000i\000q\000u\000e\000\040\000s\000t\000a\000c\000k}{chapter.9}% 70
\BOOKMARK [1][-]{section.9.2}{\376\377\000B\000o\000n\000n\000e\000s\000\040\000p\000r\000a\000t\000i\000q\000u\000e\000s\000\040\000s\000\351\000c\000u\000r\000i\000t\000\351}{chapter.9}% 71
\BOOKMARK [1][-]{section.9.3}{\376\377\000A\000p\000p\000l\000i\000c\000a\000t\000i\000o\000n\000\040\000a\000u\000\040\000p\000r\000o\000j\000e\000t}{chapter.9}% 72
\BOOKMARK [1][-]{section.9.4}{\376\377\000L\000i\000e\000n\000s\000\040\000u\000t\000i\000l\000e\000s}{chapter.9}% 73
\BOOKMARK [0][-]{chapter.10}{\376\377\000B\000i\000l\000a\000n\000\040\000e\000t\000\040\000r\000e\000t\000o\000u\000r\000\040\000d\000'\000e\000x\000p\000\351\000r\000i\000e\000n\000c\000e\000\040\000\050\000R\000E\000X\000\051}{}% 74
\BOOKMARK [1][-]{section.10.1}{\376\377\000O\000b\000j\000e\000c\000t\000i\000f\000s\000\040\000a\000t\000t\000e\000i\000n\000t\000s\000\040\000e\000t\000\040\000n\000o\000n\000\040\000a\000t\000t\000e\000i\000n\000t\000s}{chapter.10}% 75
\BOOKMARK [1][-]{section.10.2}{\376\377\000D\000i\000f\000f\000i\000c\000u\000l\000t\000\351\000s\000\040\000r\000e\000n\000c\000o\000n\000t\000r\000\351\000e\000s\000\040\000e\000t\000\040\000s\000o\000l\000u\000t\000i\000o\000n\000s}{chapter.10}% 76
\BOOKMARK [1][-]{section.10.3}{\376\377\000D\000e\000t\000t\000e\000s\000\040\000t\000e\000c\000h\000n\000i\000q\000u\000e\000s\000\040\000e\000t\000\040\000a\000p\000p\000r\000e\000n\000t\000i\000s\000s\000a\000g\000e\000s}{chapter.10}% 77
\BOOKMARK [1][-]{section.10.4}{\376\377\000L\000i\000e\000n\000s\000\040\000u\000t\000i\000l\000e\000s}{chapter.10}% 78
\BOOKMARK [0][-]{chapter.11}{\376\377\000C\000o\000n\000c\000l\000u\000s\000i\000o\000n\000\040\000e\000t\000\040\000r\000e\000m\000e\000r\000c\000i\000e\000m\000e\000n\000t\000s}{}% 79
\BOOKMARK [1][-]{section.11.1}{\376\377\000S\000y\000n\000t\000h\000\350\000s\000e\000\040\000d\000u\000\040\000p\000r\000o\000j\000e\000t}{chapter.11}% 80
\BOOKMARK [1][-]{section.11.2}{\376\377\000P\000e\000r\000s\000p\000e\000c\000t\000i\000v\000e\000s\000\040\000d\000'\000\351\000v\000o\000l\000u\000t\000i\000o\000n}{chapter.11}% 81
\BOOKMARK [1][-]{section.11.3}{\376\377\000R\000e\000m\000e\000r\000c\000i\000e\000m\000e\000n\000t\000s}{chapter.11}% 82
\BOOKMARK [1][-]{section.11.4}{\376\377\000D\000\351\000p\000l\000o\000i\000e\000m\000e\000n\000t\000\040\000e\000t\000\040\000d\000o\000c\000u\000m\000e\000n\000t\000a\000t\000i\000o\000n}{chapter.11}% 83
\BOOKMARK [2][-]{subsection.11.4.1}{\376\377\000D\000o\000c\000k\000e\000r}{section.11.4}% 84
\BOOKMARK [2][-]{subsection.11.4.2}{\376\377\000G\000i\000t\000H\000u\000b\000\040\000\050\000c\000o\000d\000e\000\040\000s\000o\000u\000r\000c\000e\000\051}{section.11.4}% 85
\BOOKMARK [2][-]{subsection.11.4.3}{\376\377\000C\000I\000/\000C\000D}{section.11.4}% 86
\BOOKMARK [2][-]{subsection.11.4.4}{\376\377\000S\000o\000n\000a\000r\000Q\000u\000b\000e}{section.11.4}% 87
\BOOKMARK [2][-]{subsection.11.4.5}{\376\377\000S\000w\000a\000g\000g\000e\000r}{section.11.4}% 88
\BOOKMARK [1][-]{section.11.5}{\376\377\000L\000i\000e\000n\000s\000\040\000u\000t\000i\000l\000e\000s}{chapter.11}% 89
